<?xml version="1.0" encoding="UTF-8"?>
<testng-results ignored="0" total="1" passed="1" failed="0" skipped="0">
  <reporter-output>
  </reporter-output>
  <suite started-at="2024-07-04T12:27:47 IST" name="Suite" finished-at="2024-07-04T12:27:52 IST" duration-ms="4755">
    <groups>
    </groups>
    <test started-at="2024-07-04T12:27:47 IST" name="Test" finished-at="2024-07-04T12:27:52 IST" duration-ms="4755">
      <class name="trial.script.TC001">
        <test-method is-config="true" signature="setUp()[pri:0, instance:trial.script.TC001@55634720]" started-at="2024-07-04T12:27:47 IST" name="setUp" finished-at="2024-07-04T12:27:50 IST" duration-ms="3073" status="PASS">
          <reporter-output>
          </reporter-output>
        </test-method> <!-- setUp -->
        <test-method signature="checkingTheLinks()[pri:0, instance:trial.script.TC001@55634720]" started-at="2024-07-04T12:27:50 IST" name="checkingTheLinks" finished-at="2024-07-04T12:27:51 IST" duration-ms="1196" status="PASS">
          <reporter-output>
          </reporter-output>
        </test-method> <!-- checkingTheLinks -->
        <test-method is-config="true" signature="tearDown()[pri:0, instance:trial.script.TC001@55634720]" started-at="2024-07-04T12:27:51 IST" name="tearDown" finished-at="2024-07-04T12:27:52 IST" duration-ms="414" status="PASS">
          <reporter-output>
          </reporter-output>
        </test-method> <!-- tearDown -->
      </class> <!-- trial.script.TC001 -->
    </test> <!-- Test -->
  </suite> <!-- Suite -->
</testng-results>
